<?xml version="1.0" encoding="UTF-8"?>
<!-- Generated by org.testng.reporters.JUnitReportReporter -->
<testsuite skipped="0" hostname="DESKTOP-2A9CD8J" name="com.jbk_Test.LogoutPageTest" tests="1" failures="0" timestamp="2021-10-29T23:53:50 IST" time="0.223" errors="0">
  <testcase name="checkPageURLTest" time="0.223" classname="com.jbk_Test.LogoutPageTest"/>
  <system-out/>
</testsuite> <!-- com.jbk_Test.LogoutPageTest -->
