<?xml version="1.0" encoding="UTF-8"?>
<!-- Generated by org.testng.reporters.JUnitReportReporter -->
<testsuite skipped="0" hostname="DESKTOP-2A9CD8J" name="com.jbk_Test.LogInPageTest" tests="4" failures="0" timestamp="2021-10-29T23:53:50 IST" time="0.984" errors="0">
  <testcase name="logoDisplayTest" time="0.591" classname="com.jbk_Test.LogInPageTest"/>
  <system-out/>
  <testcase name="checkFooterTest" time="0.293" classname="com.jbk_Test.LogInPageTest"/>
  <system-out/>
  <testcase name="verifyTitleTest" time="0.027" classname="com.jbk_Test.LogInPageTest"/>
  <system-out/>
  <testcase name="verifyTitleHeadingTest" time="0.073" classname="com.jbk_Test.LogInPageTest"/>
  <system-out/>
</testsuite> <!-- com.jbk_Test.LogInPageTest -->
