<?xml version="1.0" encoding="UTF-8"?>
<!-- Generated by org.testng.reporters.JUnitReportReporter -->
<testsuite skipped="0" hostname="DESKTOP-2A9CD8J" name="com.jbk_Test.UserPageTest" tests="4" failures="0" timestamp="2021-10-29T23:53:49 IST" time="0.339" errors="0">
  <testcase name="checkAddUserTest" time="0.131" classname="com.jbk_Test.UserPageTest"/>
  <system-out/>
  <testcase name="checkUserListTest" time="0.067" classname="com.jbk_Test.UserPageTest"/>
  <system-out/>
  <testcase name="checkDashboardFooter1Test" time="0.073" classname="com.jbk_Test.UserPageTest"/>
  <system-out/>
  <testcase name="checkDashboardFooter2Test" time="0.068" classname="com.jbk_Test.UserPageTest"/>
  <system-out/>
</testsuite> <!-- com.jbk_Test.UserPageTest -->
