<?xml version="1.0" encoding="UTF-8"?>
<!-- Generated by org.testng.reporters.JUnitReportReporter -->
<testsuite skipped="0" hostname="DESKTOP-2A9CD8J" name="com.jbk_Test.OperatorPageTest" tests="4" failures="0" timestamp="2021-10-29T23:53:50 IST" time="15.535" errors="0">
  <testcase name="checkPageTitleTest" time="0.223" classname="com.jbk_Test.OperatorPageTest"/>
  <system-out/>
  <testcase name="checkPersonNamesTest" time="0.228" classname="com.jbk_Test.OperatorPageTest"/>
  <system-out/>
  <testcase name="checkPersonContactListTest" time="15.021" classname="com.jbk_Test.OperatorPageTest"/>
  <system-out/>
  <testcase name="checkPageURLTest" time="0.063" classname="com.jbk_Test.OperatorPageTest"/>
  <system-out/>
</testsuite> <!-- com.jbk_Test.OperatorPageTest -->
