<?xml version="1.0" encoding="UTF-8"?>
<!-- Generated by org.testng.reporters.JUnitReportReporter -->
<testsuite skipped="0" hostname="DESKTOP-2A9CD8J" name="com.jbk_Test.UsefulLinkPageTest" tests="4" failures="0" timestamp="2021-10-29T23:53:49 IST" time="15.211" errors="0">
  <testcase name="checkPageTitleTest" time="0.018" classname="com.jbk_Test.UsefulLinkPageTest"/>
  <system-out/>
  <testcase name="checkLinksContentTest" time="15.096" classname="com.jbk_Test.UsefulLinkPageTest"/>
  <system-out/>
  <testcase name="checkPageURLTest" time="0.014" classname="com.jbk_Test.UsefulLinkPageTest"/>
  <system-out/>
  <testcase name="checkPageHeaderTest" time="0.083" classname="com.jbk_Test.UsefulLinkPageTest"/>
  <system-out/>
</testsuite> <!-- com.jbk_Test.UsefulLinkPageTest -->
