<?xml version="1.0" encoding="UTF-8"?>
<!-- Generated by org.testng.reporters.JUnitReportReporter -->
<testsuite skipped="0" hostname="DESKTOP-2A9CD8J" name="com.jbk_Test.DashboardPageTest" tests="6" failures="0" timestamp="2021-10-29T23:53:49 IST" time="15.644" errors="0">
  <testcase name="checkTitle" time="0.223" classname="com.jbk_Test.DashboardPageTest"/>
  <system-out/>
  <testcase name="checkCoursestextTest" time="0.246" classname="com.jbk_Test.DashboardPageTest"/>
  <system-out/>
  <testcase name="checkCoursesNamesTest" time="14.970" classname="com.jbk_Test.DashboardPageTest"/>
  <system-out/>
  <testcase name="checkDashboardCourseFooterTest" time="0.059" classname="com.jbk_Test.DashboardPageTest"/>
  <system-out/>
  <testcase name="checkDashboardFooter2Test" time="0.062" classname="com.jbk_Test.DashboardPageTest"/>
  <system-out/>
  <testcase name="checkDashboardFooter1Test" time="0.084" classname="com.jbk_Test.DashboardPageTest"/>
  <system-out/>
</testsuite> <!-- com.jbk_Test.DashboardPageTest -->
