<?xml version="1.0" encoding="UTF-8"?>
<!-- Generated by org.testng.reporters.JUnitReportReporter -->
<testsuite skipped="0" hostname="DESKTOP-2A9CD8J" name="com.jbk_Test.DownloadPageTest" tests="2" failures="0" timestamp="2021-10-29T23:53:49 IST" time="0.367" errors="0">
  <testcase name="checkPageTitleTest" time="0.223" classname="com.jbk_Test.DownloadPageTest"/>
  <system-out/>
  <testcase name="checkPageURLTest" time="0.144" classname="com.jbk_Test.DownloadPageTest"/>
  <system-out/>
</testsuite> <!-- com.jbk_Test.DownloadPageTest -->
